<?xml version="1.0" encoding="UTF-8"?>
<!-- Generated by org.testng.reporters.JUnitXMLReporter -->
<testsuite ignored="0" hostname="22-ZEE-LAP070" failures="0" tests="3" name="Test3" time="226.352" errors="0" timestamp="05 Nov 2024 19:55:39 GMT">
  <testcase classname="com.WNS_Project.testCases.TC_04_Generate_NewKey" name="Status" time="29.218"/>
  <testcase classname="com.WNS_Project.testCases.TC_05_Import_Key" name="Status" time="26.363"/>
  <testcase classname="com.WNS_Project.testCases.TC_06_Logs" name="Status" time="43.577"/>
</testsuite> <!-- Test3 -->
