<?xml version="1.0" encoding="UTF-8"?>
<testng-results ignored="0" total="1" passed="1" failed="0" skipped="0">
  <reporter-output>
  </reporter-output>
  <suite started-at="2024-10-29T13:29:07Z" name="Suite" finished-at="2024-10-29T13:29:46Z" duration-ms="38881">
    <groups>
    </groups>
    <test started-at="2024-10-29T13:29:07Z" name="Test" finished-at="2024-10-29T13:29:46Z" duration-ms="38881">
      <class name="com.WNS_Project.testCases.TC_03_Download_Summary">
        <test-method is-config="true" signature="setup()[pri:0, instance:com.WNS_Project.testCases.TC_03_Download_Summary@3972a855]" started-at="2024-10-29T18:59:07Z" name="setup" finished-at="2024-10-29T18:59:15Z" duration-ms="7478" status="PASS">
          <reporter-output>
          </reporter-output>
        </test-method> <!-- setup -->
        <test-method signature="Status()[pri:0, instance:com.WNS_Project.testCases.TC_03_Download_Summary@3972a855]" started-at="2024-10-29T18:59:15Z" name="Status" finished-at="2024-10-29T18:59:46Z" duration-ms="31013" status="PASS">
          <reporter-output>
          </reporter-output>
        </test-method> <!-- Status -->
        <test-method is-config="true" signature="teardown()[pri:0, instance:com.WNS_Project.testCases.TC_03_Download_Summary@3972a855]" started-at="2024-10-29T18:59:46Z" name="teardown" finished-at="2024-10-29T18:59:46Z" duration-ms="0" status="PASS">
          <reporter-output>
          </reporter-output>
        </test-method> <!-- teardown -->
      </class> <!-- com.WNS_Project.testCases.TC_03_Download_Summary -->
    </test> <!-- Test -->
  </suite> <!-- Suite -->
</testng-results>
